mode: set
gitlab.com/meta-node/meta-node/pkg/merkle_patricia_trie/encoding.go:4.33,6.21 2 1
gitlab.com/meta-node/meta-node/pkg/merkle_patricia_trie/encoding.go:9.2,9.24 1 1
gitlab.com/meta-node/meta-node/pkg/merkle_patricia_trie/encoding.go:14.2,14.10 1 1
gitlab.com/meta-node/meta-node/pkg/merkle_patricia_trie/encoding.go:6.21,8.3 1 0
gitlab.com/meta-node/meta-node/pkg/merkle_patricia_trie/encoding.go:9.24,10.19 1 1
gitlab.com/meta-node/meta-node/pkg/merkle_patricia_trie/encoding.go:10.19,11.9 1 0
gitlab.com/meta-node/meta-node/pkg/merkle_patricia_trie/encoding.go:17.39,20.24 3 1
gitlab.com/meta-node/meta-node/pkg/merkle_patricia_trie/encoding.go:24.2,25.16 2 1
gitlab.com/meta-node/meta-node/pkg/merkle_patricia_trie/encoding.go:20.24,23.3 2 1
gitlab.com/meta-node/meta-node/pkg/merkle_patricia_trie/encoding.go:27.38,29.18 2 0
gitlab.com/meta-node/meta-node/pkg/merkle_patricia_trie/encoding.go:33.2,35.21 3 0
gitlab.com/meta-node/meta-node/pkg/merkle_patricia_trie/encoding.go:40.2,41.12 2 0
gitlab.com/meta-node/meta-node/pkg/merkle_patricia_trie/encoding.go:29.18,32.3 2 0
gitlab.com/meta-node/meta-node/pkg/merkle_patricia_trie/encoding.go:35.21,39.3 3 0
gitlab.com/meta-node/meta-node/pkg/merkle_patricia_trie/encoding.go:45.29,47.2 1 0
gitlab.com/meta-node/meta-node/pkg/merkle_patricia_trie/encoding.go:48.50,49.61 1 0
gitlab.com/meta-node/meta-node/pkg/merkle_patricia_trie/encoding.go:49.61,51.3 1 0
gitlab.com/meta-node/meta-node/pkg/merkle_patricia_trie/node.go:51.21,55.2 1 1
gitlab.com/meta-node/meta-node/pkg/merkle_patricia_trie/node.go:57.83,59.16 2 1
gitlab.com/meta-node/meta-node/pkg/merkle_patricia_trie/node.go:62.2,65.16 3 1
gitlab.com/meta-node/meta-node/pkg/merkle_patricia_trie/node.go:69.2,69.24 1 1
gitlab.com/meta-node/meta-node/pkg/merkle_patricia_trie/node.go:59.16,61.3 1 1
gitlab.com/meta-node/meta-node/pkg/merkle_patricia_trie/node.go:65.16,67.3 1 0
gitlab.com/meta-node/meta-node/pkg/merkle_patricia_trie/node.go:70.29,76.24 6 1
gitlab.com/meta-node/meta-node/pkg/merkle_patricia_trie/node.go:78.30,84.25 6 1
gitlab.com/meta-node/meta-node/pkg/merkle_patricia_trie/node.go:87.30,94.25 6 1
gitlab.com/meta-node/meta-node/pkg/merkle_patricia_trie/node.go:95.11,96.19 1 0
gitlab.com/meta-node/meta-node/pkg/merkle_patricia_trie/node.go:102.36,102.60 1 0
gitlab.com/meta-node/meta-node/pkg/merkle_patricia_trie/node.go:104.34,105.18 1 1
gitlab.com/meta-node/meta-node/pkg/merkle_patricia_trie/node.go:111.2,111.25 1 1
gitlab.com/meta-node/meta-node/pkg/merkle_patricia_trie/node.go:105.18,110.3 4 1
gitlab.com/meta-node/meta-node/pkg/merkle_patricia_trie/node.go:114.40,116.2 1 1
gitlab.com/meta-node/meta-node/pkg/merkle_patricia_trie/node.go:118.39,121.40 3 1
gitlab.com/meta-node/meta-node/pkg/merkle_patricia_trie/node.go:132.2,144.11 6 1
gitlab.com/meta-node/meta-node/pkg/merkle_patricia_trie/node.go:121.40,122.27 1 1
gitlab.com/meta-node/meta-node/pkg/merkle_patricia_trie/node.go:122.27,124.4 1 1
gitlab.com/meta-node/meta-node/pkg/merkle_patricia_trie/node.go:124.9,126.21 2 1
gitlab.com/meta-node/meta-node/pkg/merkle_patricia_trie/node.go:126.21,129.5 2 1
gitlab.com/meta-node/meta-node/pkg/merkle_patricia_trie/node.go:146.81,149.16 3 1
gitlab.com/meta-node/meta-node/pkg/merkle_patricia_trie/node.go:152.2,152.33 1 1
gitlab.com/meta-node/meta-node/pkg/merkle_patricia_trie/node.go:159.2,159.12 1 0
gitlab.com/meta-node/meta-node/pkg/merkle_patricia_trie/node.go:149.16,151.3 1 0
gitlab.com/meta-node/meta-node/pkg/merkle_patricia_trie/node.go:152.33,154.17 2 1
gitlab.com/meta-node/meta-node/pkg/merkle_patricia_trie/node.go:154.17,156.4 1 1
gitlab.com/meta-node/meta-node/pkg/merkle_patricia_trie/node.go:162.36,164.2 1 0
gitlab.com/meta-node/meta-node/pkg/merkle_patricia_trie/node.go:165.43,168.2 2 0
gitlab.com/meta-node/meta-node/pkg/merkle_patricia_trie/node.go:169.45,171.2 1 1
gitlab.com/meta-node/meta-node/pkg/merkle_patricia_trie/node.go:173.37,173.65 2 1
gitlab.com/meta-node/meta-node/pkg/merkle_patricia_trie/node.go:175.36,181.31 5 1
gitlab.com/meta-node/meta-node/pkg/merkle_patricia_trie/node.go:185.2,185.12 1 1
gitlab.com/meta-node/meta-node/pkg/merkle_patricia_trie/node.go:181.31,183.3 1 1
gitlab.com/meta-node/meta-node/pkg/merkle_patricia_trie/node.go:188.60,196.35 6 1
gitlab.com/meta-node/meta-node/pkg/merkle_patricia_trie/node.go:204.2,204.42 1 1
gitlab.com/meta-node/meta-node/pkg/merkle_patricia_trie/node.go:196.35,197.18 1 1
gitlab.com/meta-node/meta-node/pkg/merkle_patricia_trie/node.go:197.18,199.4 1 1
gitlab.com/meta-node/meta-node/pkg/merkle_patricia_trie/node.go:199.8,202.4 1 1
gitlab.com/meta-node/meta-node/pkg/merkle_patricia_trie/node.go:210.36,210.59 1 0
gitlab.com/meta-node/meta-node/pkg/merkle_patricia_trie/node.go:212.35,213.18 1 1
gitlab.com/meta-node/meta-node/pkg/merkle_patricia_trie/node.go:219.2,219.25 1 1
gitlab.com/meta-node/meta-node/pkg/merkle_patricia_trie/node.go:213.18,218.3 4 1
gitlab.com/meta-node/meta-node/pkg/merkle_patricia_trie/node.go:222.41,224.2 1 0
gitlab.com/meta-node/meta-node/pkg/merkle_patricia_trie/node.go:226.40,238.2 5 1
gitlab.com/meta-node/meta-node/pkg/merkle_patricia_trie/node.go:239.81,242.16 3 1
gitlab.com/meta-node/meta-node/pkg/merkle_patricia_trie/node.go:245.2,247.12 3 1
gitlab.com/meta-node/meta-node/pkg/merkle_patricia_trie/node.go:242.16,244.3 1 0
gitlab.com/meta-node/meta-node/pkg/merkle_patricia_trie/node.go:250.46,252.2 1 1
gitlab.com/meta-node/meta-node/pkg/merkle_patricia_trie/node.go:254.39,254.67 2 1
gitlab.com/meta-node/meta-node/pkg/merkle_patricia_trie/node.go:256.37,262.2 5 1
gitlab.com/meta-node/meta-node/pkg/merkle_patricia_trie/node.go:263.61,271.2 6 1
gitlab.com/meta-node/meta-node/pkg/merkle_patricia_trie/node.go:275.36,275.51 1 0
gitlab.com/meta-node/meta-node/pkg/merkle_patricia_trie/node.go:277.35,278.18 1 1
gitlab.com/meta-node/meta-node/pkg/merkle_patricia_trie/node.go:286.2,286.25 1 1
gitlab.com/meta-node/meta-node/pkg/merkle_patricia_trie/node.go:278.18,284.3 4 1
gitlab.com/meta-node/meta-node/pkg/merkle_patricia_trie/node.go:288.41,288.68 1 0
gitlab.com/meta-node/meta-node/pkg/merkle_patricia_trie/node.go:289.40,296.2 3 1
gitlab.com/meta-node/meta-node/pkg/merkle_patricia_trie/node.go:297.83,300.2 2 1
gitlab.com/meta-node/meta-node/pkg/merkle_patricia_trie/node.go:301.46,303.2 1 1
gitlab.com/meta-node/meta-node/pkg/merkle_patricia_trie/node.go:304.37,310.2 4 1
gitlab.com/meta-node/meta-node/pkg/merkle_patricia_trie/node.go:311.61,318.2 5 1
gitlab.com/meta-node/meta-node/pkg/merkle_patricia_trie/trie.go:30.51,32.17 2 1
gitlab.com/meta-node/meta-node/pkg/merkle_patricia_trie/trie.go:35.2,39.3 1 1
gitlab.com/meta-node/meta-node/pkg/merkle_patricia_trie/trie.go:32.17,34.3 1 1
gitlab.com/meta-node/meta-node/pkg/merkle_patricia_trie/trie.go:41.32,45.2 2 1
gitlab.com/meta-node/meta-node/pkg/merkle_patricia_trie/trie.go:46.48,51.2 4 1
gitlab.com/meta-node/meta-node/pkg/merkle_patricia_trie/trie.go:53.96,54.32 1 1
gitlab.com/meta-node/meta-node/pkg/merkle_patricia_trie/trie.go:55.11,56.23 1 0
gitlab.com/meta-node/meta-node/pkg/merkle_patricia_trie/trie.go:57.18,58.25 1 1
gitlab.com/meta-node/meta-node/pkg/merkle_patricia_trie/trie.go:59.18,60.80 1 1
gitlab.com/meta-node/meta-node/pkg/merkle_patricia_trie/trie.go:64.3,65.17 2 1
gitlab.com/meta-node/meta-node/pkg/merkle_patricia_trie/trie.go:69.3,69.23 1 1
gitlab.com/meta-node/meta-node/pkg/merkle_patricia_trie/trie.go:70.17,72.17 2 1
gitlab.com/meta-node/meta-node/pkg/merkle_patricia_trie/trie.go:76.3,76.23 1 1
gitlab.com/meta-node/meta-node/pkg/merkle_patricia_trie/trie.go:77.10,78.65 1 0
gitlab.com/meta-node/meta-node/pkg/merkle_patricia_trie/trie.go:60.80,63.4 1 0
gitlab.com/meta-node/meta-node/pkg/merkle_patricia_trie/trie.go:65.17,68.4 2 1
gitlab.com/meta-node/meta-node/pkg/merkle_patricia_trie/trie.go:72.17,75.4 2 1
gitlab.com/meta-node/meta-node/pkg/merkle_patricia_trie/trie.go:82.45,85.21 3 1
gitlab.com/meta-node/meta-node/pkg/merkle_patricia_trie/trie.go:97.2,97.12 1 1
gitlab.com/meta-node/meta-node/pkg/merkle_patricia_trie/trie.go:85.21,90.17 2 1
gitlab.com/meta-node/meta-node/pkg/merkle_patricia_trie/trie.go:94.3,94.13 1 1
gitlab.com/meta-node/meta-node/pkg/merkle_patricia_trie/trie.go:90.17,92.4 1 0
gitlab.com/meta-node/meta-node/pkg/merkle_patricia_trie/trie.go:100.83,101.19 1 1
gitlab.com/meta-node/meta-node/pkg/merkle_patricia_trie/trie.go:107.2,107.23 1 1
gitlab.com/meta-node/meta-node/pkg/merkle_patricia_trie/trie.go:101.19,102.34 1 0
gitlab.com/meta-node/meta-node/pkg/merkle_patricia_trie/trie.go:105.3,105.26 1 0
gitlab.com/meta-node/meta-node/pkg/merkle_patricia_trie/trie.go:102.34,104.4 1 0
gitlab.com/meta-node/meta-node/pkg/merkle_patricia_trie/trie.go:108.18,112.29 2 0
gitlab.com/meta-node/meta-node/pkg/merkle_patricia_trie/trie.go:124.3,127.17 4 0
gitlab.com/meta-node/meta-node/pkg/merkle_patricia_trie/trie.go:130.3,131.17 2 0
gitlab.com/meta-node/meta-node/pkg/merkle_patricia_trie/trie.go:135.3,135.20 1 0
gitlab.com/meta-node/meta-node/pkg/merkle_patricia_trie/trie.go:140.3,140.66 1 0
gitlab.com/meta-node/meta-node/pkg/merkle_patricia_trie/trie.go:142.17,144.27 2 1
gitlab.com/meta-node/meta-node/pkg/merkle_patricia_trie/trie.go:147.3,151.22 5 1
gitlab.com/meta-node/meta-node/pkg/merkle_patricia_trie/trie.go:153.11,158.9 1 1
gitlab.com/meta-node/meta-node/pkg/merkle_patricia_trie/trie.go:160.10,161.51 1 0
gitlab.com/meta-node/meta-node/pkg/merkle_patricia_trie/trie.go:112.29,114.28 2 0
gitlab.com/meta-node/meta-node/pkg/merkle_patricia_trie/trie.go:117.4,121.10 1 0
gitlab.com/meta-node/meta-node/pkg/merkle_patricia_trie/trie.go:114.28,116.5 1 0
gitlab.com/meta-node/meta-node/pkg/merkle_patricia_trie/trie.go:127.17,129.4 1 0
gitlab.com/meta-node/meta-node/pkg/merkle_patricia_trie/trie.go:131.17,133.4 1 0
gitlab.com/meta-node/meta-node/pkg/merkle_patricia_trie/trie.go:135.20,137.4 1 0
gitlab.com/meta-node/meta-node/pkg/merkle_patricia_trie/trie.go:144.27,146.4 1 0
gitlab.com/meta-node/meta-node/pkg/merkle_patricia_trie/trie.go:164.43,169.15 4 1
gitlab.com/meta-node/meta-node/pkg/merkle_patricia_trie/trie.go:172.2,173.13 2 1
gitlab.com/meta-node/meta-node/pkg/merkle_patricia_trie/trie.go:169.15,171.3 1 0
gitlab.com/meta-node/meta-node/pkg/merkle_patricia_trie/trie.go:179.92,180.32 1 1
gitlab.com/meta-node/meta-node/pkg/merkle_patricia_trie/trie.go:181.18,184.28 2 1
gitlab.com/meta-node/meta-node/pkg/merkle_patricia_trie/trie.go:187.3,187.27 1 1
gitlab.com/meta-node/meta-node/pkg/merkle_patricia_trie/trie.go:198.3,200.27 2 0
gitlab.com/meta-node/meta-node/pkg/merkle_patricia_trie/trie.go:203.3,203.32 1 0
gitlab.com/meta-node/meta-node/pkg/merkle_patricia_trie/trie.go:219.17,221.27 2 1
gitlab.com/meta-node/meta-node/pkg/merkle_patricia_trie/trie.go:224.3,232.16 4 1
gitlab.com/meta-node/meta-node/pkg/merkle_patricia_trie/trie.go:245.3,246.35 2 1
gitlab.com/meta-node/meta-node/pkg/merkle_patricia_trie/trie.go:256.3,256.15 1 1
gitlab.com/meta-node/meta-node/pkg/merkle_patricia_trie/trie.go:282.3,282.22 1 1
gitlab.com/meta-node/meta-node/pkg/merkle_patricia_trie/trie.go:284.18,286.24 1 0
gitlab.com/meta-node/meta-node/pkg/merkle_patricia_trie/trie.go:288.11,289.25 1 0
gitlab.com/meta-node/meta-node/pkg/merkle_patricia_trie/trie.go:291.10,292.61 1 0
gitlab.com/meta-node/meta-node/pkg/merkle_patricia_trie/trie.go:184.28,186.4 1 0
gitlab.com/meta-node/meta-node/pkg/merkle_patricia_trie/trie.go:187.27,193.4 1 1
gitlab.com/meta-node/meta-node/pkg/merkle_patricia_trie/trie.go:200.27,202.4 1 0
gitlab.com/meta-node/meta-node/pkg/merkle_patricia_trie/trie.go:204.19,214.85 1 0
gitlab.com/meta-node/meta-node/pkg/merkle_patricia_trie/trie.go:215.11,216.57 1 0
gitlab.com/meta-node/meta-node/pkg/merkle_patricia_trie/trie.go:221.27,223.4 1 0
gitlab.com/meta-node/meta-node/pkg/merkle_patricia_trie/trie.go:232.16,234.4 1 0
gitlab.com/meta-node/meta-node/pkg/merkle_patricia_trie/trie.go:246.35,247.18 1 1
gitlab.com/meta-node/meta-node/pkg/merkle_patricia_trie/trie.go:247.18,248.18 1 0
gitlab.com/meta-node/meta-node/pkg/merkle_patricia_trie/trie.go:248.18,250.6 1 0
gitlab.com/meta-node/meta-node/pkg/merkle_patricia_trie/trie.go:250.11,252.11 2 0
gitlab.com/meta-node/meta-node/pkg/merkle_patricia_trie/trie.go:256.15,257.17 1 0
gitlab.com/meta-node/meta-node/pkg/merkle_patricia_trie/trie.go:279.4,279.79 1 0
gitlab.com/meta-node/meta-node/pkg/merkle_patricia_trie/trie.go:257.17,265.19 2 0
gitlab.com/meta-node/meta-node/pkg/merkle_patricia_trie/trie.go:268.5,268.44 1 0
gitlab.com/meta-node/meta-node/pkg/merkle_patricia_trie/trie.go:265.19,267.6 1 0
gitlab.com/meta-node/meta-node/pkg/merkle_patricia_trie/trie.go:268.44,275.6 2 0
gitlab.com/meta-node/meta-node/pkg/merkle_patricia_trie/trie.go:295.43,300.2 4 0
gitlab.com/meta-node/meta-node/pkg/merkle_patricia_trie/trie.go:301.61,306.2 1 0
gitlab.com/meta-node/meta-node/pkg/merkle_patricia_trie/trie.go:315.49,318.19 3 1
gitlab.com/meta-node/meta-node/pkg/merkle_patricia_trie/trie.go:321.2,322.33 2 1
gitlab.com/meta-node/meta-node/pkg/merkle_patricia_trie/trie.go:318.19,320.3 1 0
gitlab.com/meta-node/meta-node/pkg/merkle_patricia_trie/trie.go:326.59,328.26 1 1
gitlab.com/meta-node/meta-node/pkg/merkle_patricia_trie/trie.go:329.17,330.40 1 1
gitlab.com/meta-node/meta-node/pkg/merkle_patricia_trie/trie.go:333.3,333.18 1 1
gitlab.com/meta-node/meta-node/pkg/merkle_patricia_trie/trie.go:335.18,337.18 2 1
gitlab.com/meta-node/meta-node/pkg/merkle_patricia_trie/trie.go:339.18,340.18 1 1
gitlab.com/meta-node/meta-node/pkg/merkle_patricia_trie/trie.go:330.40,332.4 1 1
gitlab.com/meta-node/meta-node/pkg/merkle_patricia_trie/trie.go:345.54,346.19 1 1
gitlab.com/meta-node/meta-node/pkg/merkle_patricia_trie/trie.go:350.2,351.52 2 1
gitlab.com/meta-node/meta-node/pkg/merkle_patricia_trie/trie.go:346.19,348.3 1 0
